# JRE version: OpenJDK Runtime Environment (8.0_202-b03) (build 1.8.0_202-release-1483-b03)
# Java VM: OpenJDK 64-Bit Server VM (25.202-b03 mixed mode windows-amd64 compressed oops)
Heap:
 PSYoungGen      total 306176K, used 41794K [0x00000000e0000000, 0x00000000f4d80000, 0x0000000100000000)
  eden space 286208K, 14% used [0x00000000e0000000,0x00000000e28d0888,0x00000000f1780000)
  from space 19968K, 0% used [0x00000000f3000000,0x00000000f3000000,0x00000000f4380000)
  to   space 25088K, 0% used [0x00000000f1780000,0x00000000f1780000,0x00000000f3000000)
 ParOldGen       total 151040K, used 36075K [0x00000000a0000000, 0x00000000a9380000, 0x00000000e0000000)
  object space 151040K, 23% used [0x00000000a0000000,0x00000000a233af60,0x00000000a9380000)
 Metaspace       used 58057K, capacity 59740K, committed 59864K, reserved 1101824K
  class space    used 7724K, capacity 8141K, committed 8192K, reserved 1048576K
GC Heap History (10 events):
Event: 5.010 GC heap before
{Heap before GC invocations=7 (full 1):
 PSYoungGen      total 136192K, used 41664K [0x00000000e0000000, 0x00000000ee180000, 0x0000000100000000)
  eden space 131072K, 27% used [0x00000000e0000000,0x00000000e23b04d8,0x00000000e8000000)
  from space 5120K, 99% used [0x00000000e8000000,0x00000000e84ffc10,0x00000000e8500000)
  to   space 14336K, 0% used [0x00000000ed380000,0x00000000ed380000,0x00000000ee180000)
 ParOldGen       total 63488K, used 16010K [0x00000000a0000000, 0x00000000a3e00000, 0x00000000e0000000)
  object space 63488K, 25% used [0x00000000a0000000,0x00000000a0fa2b00,0x00000000a3e00000)
 Metaspace       used 34838K, capacity 35386K, committed 35416K, reserved 1079296K
  class space    used 4796K, capacity 4981K, committed 4992K, reserved 1048576K
Event: 5.023 GC heap after
Heap after GC invocations=7 (full 1):
 PSYoungGen      total 217088K, used 9690K [0x00000000e0000000, 0x00000000ee580000, 0x0000000100000000)
  eden space 202752K, 0% used [0x00000000e0000000,0x00000000e0000000,0x00000000ec600000)
  from space 14336K, 67% used [0x00000000ed380000,0x00000000edcf6af8,0x00000000ee180000)
  to   space 13824K, 0% used [0x00000000ec600000,0x00000000ec600000,0x00000000ed380000)
 ParOldGen       total 63488K, used 16018K [0x00000000a0000000, 0x00000000a3e00000, 0x00000000e0000000)
  object space 63488K, 25% used [0x00000000a0000000,0x00000000a0fa4b00,0x00000000a3e00000)
 Metaspace       used 34838K, capacity 35386K, committed 35416K, reserved 1079296K
  class space    used 4796K, capacity 4981K, committed 4992K, reserved 1048576K
}
Event: 5.023 GC heap before
{Heap before GC invocations=8 (full 2):
 PSYoungGen      total 217088K, used 9690K [0x00000000e0000000, 0x00000000ee580000, 0x0000000100000000)
  eden space 202752K, 0% used [0x00000000e0000000,0x00000000e0000000,0x00000000ec600000)
  from space 14336K, 67% used [0x00000000ed380000,0x00000000edcf6af8,0x00000000ee180000)
  to   space 13824K, 0% used [0x00000000ec600000,0x00000000ec600000,0x00000000ed380000)
 ParOldGen       total 63488K, used 16018K [0x00000000a0000000, 0x00000000a3e00000, 0x00000000e0000000)
  object space 63488K, 25% used [0x00000000a0000000,0x00000000a0fa4b00,0x00000000a3e00000)
 Metaspace       used 34838K, capacity 35386K, committed 35416K, reserved 1079296K
  class space    used 4796K, capacity 4981K, committed 4992K, reserved 1048576K
Event: 5.078 GC heap after
Heap after GC invocations=8 (full 2):
 PSYoungGen      total 217088K, used 0K [0x00000000e0000000, 0x00000000ee580000, 0x0000000100000000)
  eden space 202752K, 0% used [0x00000000e0000000,0x00000000e0000000,0x00000000ec600000)
  from space 14336K, 0% used [0x00000000ed380000,0x00000000ed380000,0x00000000ee180000)
  to   space 13824K, 0% used [0x00000000ec600000,0x00000000ec600000,0x00000000ed380000)
 ParOldGen       total 100352K, used 16781K [0x00000000a0000000, 0x00000000a6200000, 0x00000000e0000000)
  object space 100352K, 16% used [0x00000000a0000000,0x00000000a1063510,0x00000000a6200000)
 Metaspace       used 34838K, capacity 35386K, committed 35416K, reserved 1079296K
  class space    used 4796K, capacity 4981K, committed 4992K, reserved 1048576K
}
Event: 7.025 GC heap before
{Heap before GC invocations=9 (full 2):
 PSYoungGen      total 217088K, used 202752K [0x00000000e0000000, 0x00000000ee580000, 0x0000000100000000)
  eden space 202752K, 100% used [0x00000000e0000000,0x00000000ec600000,0x00000000ec600000)
  from space 14336K, 0% used [0x00000000ed380000,0x00000000ed380000,0x00000000ee180000)
  to   space 13824K, 0% used [0x00000000ec600000,0x00000000ec600000,0x00000000ed380000)
 ParOldGen       total 100352K, used 16781K [0x00000000a0000000, 0x00000000a6200000, 0x00000000e0000000)
  object space 100352K, 16% used [0x00000000a0000000,0x00000000a1063510,0x00000000a6200000)
 Metaspace       used 50368K, capacity 51558K, committed 51672K, reserved 1093632K
  class space    used 6778K, capacity 7098K, committed 7168K, reserved 1048576K
Event: 7.048 GC heap after
Heap after GC invocations=9 (full 2):
 PSYoungGen      total 216576K, used 13794K [0x00000000e0000000, 0x00000000f4380000, 0x0000000100000000)
  eden space 202752K, 0% used [0x00000000e0000000,0x00000000e0000000,0x00000000ec600000)
  from space 13824K, 99% used [0x00000000ec600000,0x00000000ed3789f0,0x00000000ed380000)
  to   space 19968K, 0% used [0x00000000f3000000,0x00000000f3000000,0x00000000f4380000)
 ParOldGen       total 100352K, used 24506K [0x00000000a0000000, 0x00000000a6200000, 0x00000000e0000000)
  object space 100352K, 24% used [0x00000000a0000000,0x00000000a17eeaf0,0x00000000a6200000)
 Metaspace       used 50368K, capacity 51558K, committed 51672K, reserved 1093632K
  class space    used 6778K, capacity 7098K, committed 7168K, reserved 1048576K
}
Event: 8.758 GC heap before
{Heap before GC invocations=10 (full 2):
 PSYoungGen      total 216576K, used 145035K [0x00000000e0000000, 0x00000000f4380000, 0x0000000100000000)
  eden space 202752K, 64% used [0x00000000e0000000,0x00000000e802a4f0,0x00000000ec600000)
  from space 13824K, 99% used [0x00000000ec600000,0x00000000ed3789f0,0x00000000ed380000)
  to   space 19968K, 0% used [0x00000000f3000000,0x00000000f3000000,0x00000000f4380000)
 ParOldGen       total 100352K, used 24506K [0x00000000a0000000, 0x00000000a6200000, 0x00000000e0000000)
  object space 100352K, 24% used [0x00000000a0000000,0x00000000a17eeaf0,0x00000000a6200000)
 Metaspace       used 57348K, capacity 58868K, committed 58968K, reserved 1099776K
  class space    used 7652K, capacity 8045K, committed 8064K, reserved 1048576K
Event: 8.785 GC heap after
Heap after GC invocations=10 (full 2):
 PSYoungGen      total 306176K, used 19949K [0x00000000e0000000, 0x00000000f4d80000, 0x0000000100000000)
  eden space 286208K, 0% used [0x00000000e0000000,0x00000000e0000000,0x00000000f1780000)
  from space 19968K, 99% used [0x00000000f3000000,0x00000000f437b7d0,0x00000000f4380000)
  to   space 25088K, 0% used [0x00000000f1780000,0x00000000f1780000,0x00000000f3000000)
 ParOldGen       total 100352K, used 29437K [0x00000000a0000000, 0x00000000a6200000, 0x00000000e0000000)
  object space 100352K, 29% used [0x00000000a0000000,0x00000000a1cbf7c8,0x00000000a6200000)
 Metaspace       used 57348K, capacity 58868K, committed 58968K, reserved 1099776K
  class space    used 7652K, capacity 8045K, committed 8064K, reserved 1048576K
}
Event: 8.785 GC heap before
{Heap before GC invocations=11 (full 3):
 PSYoungGen      total 306176K, used 19949K [0x00000000e0000000, 0x00000000f4d80000, 0x0000000100000000)
  eden space 286208K, 0% used [0x00000000e0000000,0x00000000e0000000,0x00000000f1780000)
  from space 19968K, 99% used [0x00000000f3000000,0x00000000f437b7d0,0x00000000f4380000)
  to   space 25088K, 0% used [0x00000000f1780000,0x00000000f1780000,0x00000000f3000000)
 ParOldGen       total 100352K, used 29437K [0x00000000a0000000, 0x00000000a6200000, 0x00000000e0000000)
  object space 100352K, 29% used [0x00000000a0000000,0x00000000a1cbf7c8,0x00000000a6200000)
 Metaspace       used 57348K, capacity 58868K, committed 58968K, reserved 1099776K
  class space    used 7652K, capacity 8045K, committed 8064K, reserved 1048576K
Event: 8.990 GC heap after
Heap after GC invocations=11 (full 3):
 PSYoungGen      total 306176K, used 0K [0x00000000e0000000, 0x00000000f4d80000, 0x0000000100000000)
  eden space 286208K, 0% used [0x00000000e0000000,0x00000000e0000000,0x00000000f1780000)
  from space 19968K, 0% used [0x00000000f3000000,0x00000000f3000000,0x00000000f4380000)
  to   space 25088K, 0% used [0x00000000f1780000,0x00000000f1780000,0x00000000f3000000)
 ParOldGen       total 151040K, used 36075K [0x00000000a0000000, 0x00000000a9380000, 0x00000000e0000000)
  object space 151040K, 23% used [0x00000000a0000000,0x00000000a233af60,0x00000000a9380000)
 Metaspace       used 57348K, capacity 58868K, committed 58968K, reserved 1099776K
  class space    used 7652K, capacity 8045K, committed 8064K, reserved 1048576K
}

